QCM/app/build/outputs/logs/manifest-merger-debug-report.txt
-- Merging decision tree log ---
manifest
ADDED from src\main\AndroidManifest.xml:2:1-45:12
	package
		ADDED from src\main\AndroidManifest.xml:3:5-35
		INJECTED from src\main\AndroidManifest.xml
		INJECTED from src\main\AndroidManifest.xml
	android:versionName
		INJECTED from src\main\AndroidManifest.xml
		INJECTED from src\main\AndroidManifest.xml
	xmlns:android
		ADDED from src\main\AndroidManifest.xml:2:11-69
	android:versionCode
		INJECTED from src\main\AndroidManifest.xml
		INJECTED from src\main\AndroidManifest.xml
application
ADDED from src\main\AndroidManifest.xml:5:5-43:19
MERGED from [com.android.support:appcompat-v7:23.0.1] AndroidManifest.xml:22:5-20
MERGED from [com.android.support:support-v4:23.0.1] AndroidManifest.xml:22:5-20
	android:label
		ADDED from src\main\AndroidManifest.xml:8:9-41
	android:allowBackup
		ADDED from src\main\AndroidManifest.xml:6:9-35
	android:icon
		ADDED from src\main\AndroidManifest.xml:7:9-43
	android:theme
		ADDED from src\main\AndroidManifest.xml:9:9-40
activity#com.example.fred.qcm.QuestionnaireActivity
ADDED from src\main\AndroidManifest.xml:10:9-13:20
	android:label
		ADDED from src\main\AndroidManifest.xml:12:13-45
	android:name
		ADDED from src\main\AndroidManifest.xml:11:13-50
service#com.example.fred.qcm.GenerateQuestionnaire
ADDED from src\main\AndroidManifest.xml:15:9-18:19
	android:exported
		ADDED from src\main\AndroidManifest.xml:17:13-37
	android:name
		ADDED from src\main\AndroidManifest.xml:16:13-50
activity#com.example.fred.qcm.ProfilActivity
ADDED from src\main\AndroidManifest.xml:20:9-23:20
	android:label
		ADDED from src\main\AndroidManifest.xml:22:13-58
	android:name
		ADDED from src\main\AndroidManifest.xml:21:13-43
service#com.example.fred.qcm.GenerateProfil
ADDED from src\main\AndroidManifest.xml:25:9-28:19
	android:exported
		ADDED from src\main\AndroidManifest.xml:27:13-37
	android:name
		ADDED from src\main\AndroidManifest.xml:26:13-43
activity#com.example.fred.qcm.StartActivity
ADDED from src\main\AndroidManifest.xml:30:9-37:20
	android:label
		ADDED from src\main\AndroidManifest.xml:32:13-57
	android:name
		ADDED from src\main\AndroidManifest.xml:31:13-42
intent-filter#android.intent.action.MAIN+android.intent.category.LAUNCHER
ADDED from src\main\AndroidManifest.xml:33:13-36:29
action#android.intent.action.MAIN
ADDED from src\main\AndroidManifest.xml:34:17-69
	android:name
		ADDED from src\main\AndroidManifest.xml:34:25-66
category#android.intent.category.LAUNCHER
ADDED from src\main\AndroidManifest.xml:35:17-77
	android:name
		ADDED from src\main\AndroidManifest.xml:35:27-74
service#com.example.fred.qcm.LoadProfil
ADDED from src\main\AndroidManifest.xml:39:9-42:19
	android:exported
		ADDED from src\main\AndroidManifest.xml:41:13-37
	android:name
		ADDED from src\main\AndroidManifest.xml:40:13-39
uses-sdk
INJECTED from src\main\AndroidManifest.xml reason: use-sdk injection requested
MERGED from [com.android.support:appcompat-v7:23.0.1] AndroidManifest.xml:20:5-43
MERGED from [com.android.support:support-v4:23.0.1] AndroidManifest.xml:20:5-43
	android:targetSdkVersion
		INJECTED from src\main\AndroidManifest.xml
		INJECTED from src\main\AndroidManifest.xml
	android:minSdkVersion
		INJECTED from src\main\AndroidManifest.xml
		INJECTED from src\main\AndroidManifest.xml